0 info it worked if it ends with ok
1 verbose cli [ '/usr/local/bin/node',
1 verbose cli   '/usr/local/bin/npm',
1 verbose cli   'install',
1 verbose cli   '-g',
1 verbose cli   'cordova',
1 verbose cli   'ionic' ]
2 info using npm@2.15.1
3 info using node@v4.4.3
4 verbose install initial load of /usr/local/lib/package.json
5 verbose readDependencies loading dependencies from /usr/local/lib/package.json
6 silly cache add args [ 'cordova', null ]
7 verbose cache add spec cordova
8 silly cache add args [ 'ionic', null ]
9 verbose cache add spec ionic
10 silly cache add parsed spec Result {
10 silly cache add   raw: 'cordova',
10 silly cache add   scope: null,
10 silly cache add   name: 'cordova',
10 silly cache add   rawSpec: '',
10 silly cache add   spec: 'latest',
10 silly cache add   type: 'tag' }
11 silly addNamed cordova@latest
12 verbose addNamed "latest" is being treated as a dist-tag for cordova
13 info addNameTag [ 'cordova', 'latest' ]
14 silly mapToRegistry name cordova
15 silly mapToRegistry using default registry
16 silly mapToRegistry registry https://registry.npmjs.org/
17 silly mapToRegistry data Result {
17 silly mapToRegistry   raw: 'cordova',
17 silly mapToRegistry   scope: null,
17 silly mapToRegistry   name: 'cordova',
17 silly mapToRegistry   rawSpec: '',
17 silly mapToRegistry   spec: 'latest',
17 silly mapToRegistry   type: 'tag' }
18 silly mapToRegistry uri https://registry.npmjs.org/cordova
19 verbose addNameTag registry:https://registry.npmjs.org/cordova not in flight; fetching
20 silly cache add parsed spec Result {
20 silly cache add   raw: 'ionic',
20 silly cache add   scope: null,
20 silly cache add   name: 'ionic',
20 silly cache add   rawSpec: '',
20 silly cache add   spec: 'latest',
20 silly cache add   type: 'tag' }
21 silly addNamed ionic@latest
22 verbose addNamed "latest" is being treated as a dist-tag for ionic
23 info addNameTag [ 'ionic', 'latest' ]
24 silly mapToRegistry name ionic
25 silly mapToRegistry using default registry
26 silly mapToRegistry registry https://registry.npmjs.org/
27 silly mapToRegistry data Result {
27 silly mapToRegistry   raw: 'ionic',
27 silly mapToRegistry   scope: null,
27 silly mapToRegistry   name: 'ionic',
27 silly mapToRegistry   rawSpec: '',
27 silly mapToRegistry   spec: 'latest',
27 silly mapToRegistry   type: 'tag' }
28 silly mapToRegistry uri https://registry.npmjs.org/ionic
29 verbose addNameTag registry:https://registry.npmjs.org/ionic not in flight; fetching
30 verbose request uri https://registry.npmjs.org/ionic
31 verbose request no auth needed
32 info attempt registry request try #1 at 2:34:04 PM
33 verbose request id f91ffdf4a1f38415
34 verbose etag "4H4JL1V9ELHM8NNE3NRV7Z2C"
35 http request GET https://registry.npmjs.org/ionic
36 http 304 https://registry.npmjs.org/ionic
37 verbose headers { date: 'Sat, 16 Apr 2016 12:34:04 GMT',
37 verbose headers   via: '1.1 varnish',
37 verbose headers   'cache-control': 'max-age=300',
37 verbose headers   etag: '"4H4JL1V9ELHM8NNE3NRV7Z2C"',
37 verbose headers   age: '188',
37 verbose headers   connection: 'keep-alive',
37 verbose headers   'x-served-by': 'cache-lcy1125-LCY',
37 verbose headers   'x-cache': 'HIT',
37 verbose headers   'x-cache-hits': '1',
37 verbose headers   'x-timer': 'S1460810044.636475,VS0,VE1',
37 verbose headers   vary: 'Accept-Encoding' }
38 silly get cb [ 304,
38 silly get   { date: 'Sat, 16 Apr 2016 12:34:04 GMT',
38 silly get     via: '1.1 varnish',
38 silly get     'cache-control': 'max-age=300',
38 silly get     etag: '"4H4JL1V9ELHM8NNE3NRV7Z2C"',
38 silly get     age: '188',
38 silly get     connection: 'keep-alive',
38 silly get     'x-served-by': 'cache-lcy1125-LCY',
38 silly get     'x-cache': 'HIT',
38 silly get     'x-cache-hits': '1',
38 silly get     'x-timer': 'S1460810044.636475,VS0,VE1',
38 silly get     vary: 'Accept-Encoding' } ]
39 verbose etag https://registry.npmjs.org/ionic from cache
40 verbose get saving ionic to /Users/Florian/.npm/registry.npmjs.org/ionic/.cache.json
41 verbose correctMkdir /Users/Florian/.npm correctMkdir not in flight; initializing
42 silly addNameTag next cb for ionic with tag latest
43 silly addNamed ionic@1.7.14
44 verbose addNamed "1.7.14" is a plain semver version for ionic
45 silly cache afterAdd ionic@1.7.14
46 verbose afterAdd /Users/Florian/.npm/ionic/1.7.14/package/package.json not in flight; writing
47 verbose correctMkdir /Users/Florian/.npm correctMkdir not in flight; initializing
48 verbose afterAdd /Users/Florian/.npm/ionic/1.7.14/package/package.json written
49 verbose request uri https://registry.npmjs.org/cordova
50 verbose request no auth needed
51 info attempt registry request try #1 at 2:34:05 PM
52 verbose etag "1DKSY92JCJFIX5JHAU4KQRQCV"
53 http request GET https://registry.npmjs.org/cordova
54 http 304 https://registry.npmjs.org/cordova
55 verbose headers { date: 'Sat, 16 Apr 2016 12:34:05 GMT',
55 verbose headers   via: '1.1 varnish',
55 verbose headers   'cache-control': 'max-age=300',
55 verbose headers   etag: '"1DKSY92JCJFIX5JHAU4KQRQCV"',
55 verbose headers   age: '0',
55 verbose headers   connection: 'keep-alive',
55 verbose headers   'x-served-by': 'cache-lcy1125-LCY',
55 verbose headers   'x-cache': 'HIT',
55 verbose headers   'x-cache-hits': '1',
55 verbose headers   'x-timer': 'S1460810045.183281,VS0,VE698',
55 verbose headers   vary: 'Accept-Encoding' }
56 silly get cb [ 304,
56 silly get   { date: 'Sat, 16 Apr 2016 12:34:05 GMT',
56 silly get     via: '1.1 varnish',
56 silly get     'cache-control': 'max-age=300',
56 silly get     etag: '"1DKSY92JCJFIX5JHAU4KQRQCV"',
56 silly get     age: '0',
56 silly get     connection: 'keep-alive',
56 silly get     'x-served-by': 'cache-lcy1125-LCY',
56 silly get     'x-cache': 'HIT',
56 silly get     'x-cache-hits': '1',
56 silly get     'x-timer': 'S1460810045.183281,VS0,VE698',
56 silly get     vary: 'Accept-Encoding' } ]
57 verbose etag https://registry.npmjs.org/cordova from cache
58 verbose get saving cordova to /Users/Florian/.npm/registry.npmjs.org/cordova/.cache.json
59 verbose correctMkdir /Users/Florian/.npm correctMkdir not in flight; initializing
60 silly addNameTag next cb for cordova with tag latest
61 silly addNamed cordova@6.1.1
62 verbose addNamed "6.1.1" is a plain semver version for cordova
63 silly cache afterAdd cordova@6.1.1
64 verbose afterAdd /Users/Florian/.npm/cordova/6.1.1/package/package.json not in flight; writing
65 verbose correctMkdir /Users/Florian/.npm correctMkdir not in flight; initializing
66 verbose afterAdd /Users/Florian/.npm/cordova/6.1.1/package/package.json written
67 silly install resolved [ { name: 'ionic',
67 silly install resolved     version: '1.7.14',
67 silly install resolved     preferGlobal: true,
67 silly install resolved     description: 'A tool for creating and developing Ionic Framework mobile apps.',
67 silly install resolved     homepage: 'http://ionicframework.com/',
67 silly install resolved     bin: { ionic: 'bin/ionic' },
67 silly install resolved     scripts:
67 silly install resolved      { bump: 'node lib/tasks/bumpversion',
67 silly install resolved        'beta-bump': 'node lib/tasks/bumpversion --level pre --identifier beta',
67 silly install resolved        'publish-release': 'node lib/tasks/bumpversion --npmPublish',
67 silly install resolved        'publish-tag': 'node lib/tasks/bumpversion --level beta --npmPublishTag',
67 silly install resolved        'full-release': 'node lib/tasks/bumpversion --npmInstall --git --npmPublish',
67 silly install resolved        test: 'npm run jasmine',
67 silly install resolved        e2e: 'jasmine-node --captureExceptions ./e2e',
67 silly install resolved        jasmine: 'jasmine-node --captureExceptions  ./spec' },
67 silly install resolved     keywords:
67 silly install resolved      [ 'ionic',
67 silly install resolved        'ionic framework',
67 silly install resolved        'ionicframework',
67 silly install resolved        'mobile',
67 silly install resolved        'app',
67 silly install resolved        'hybrid',
67 silly install resolved        'cordova',
67 silly install resolved        'phonegap' ],
67 silly install resolved     repository:
67 silly install resolved      { type: 'git',
67 silly install resolved        url: 'git+https://github.com/driftyco/ionic-cli.git' },
67 silly install resolved     contributors: [ [Object], [Object], [Object], [Object] ],
67 silly install resolved     license: 'MIT',
67 silly install resolved     dependencies:
67 silly install resolved      { async: '^0.9.0',
67 silly install resolved        cheerio: '^0.19.0',
67 silly install resolved        'cli-table': '^0.3.1',
67 silly install resolved        colors: '0.6.2',
67 silly install resolved        connect: '3.1.1',
67 silly install resolved        'connect-livereload': '0.5.2',
67 silly install resolved        crc: '3.2.1',
67 silly install resolved        'cross-spawn': '0.2.3',
67 silly install resolved        'event-stream': '3.0.x',
67 silly install resolved        'expand-tilde': '^1.2.0',
67 silly install resolved        finalhandler: '0.2.0',
67 silly install resolved        'form-data': '0.1.4',
67 silly install resolved        gulp: '3.8.8',
67 silly install resolved        'ionic-app-lib': '0.7.0',
67 silly install resolved        moment: '^2.10.6',
67 silly install resolved        ncp: '0.4.2',
67 silly install resolved        npm: '2.1.3',
67 silly install resolved        open: '0.0.5',
67 silly install resolved        optimist: '0.6.0',
67 silly install resolved        progress: '1.1.7',
67 silly install resolved        prompt: '0.2.12',
67 silly install resolved        'proxy-middleware': '^0.7.0',
67 silly install resolved        q: '1.0.1',
67 silly install resolved        request: '2.51.0',
67 silly install resolved        semver: '^4.2.0',
67 silly install resolved        'serve-static': '1.7.1',
67 silly install resolved        shelljs: '0.2.6',
67 silly install resolved        'tiny-lr-fork': '0.0.5',
67 silly install resolved        underscore: '~1.7.0',
67 silly install resolved        unzip: '0.1.9',
67 silly install resolved        'vinyl-fs': '0.3.7',
67 silly install resolved        xml2js: '0.4.4' },
67 silly install resolved     devDependencies: { 'jasmine-node': '^1.14.5', rewire: '^2.3.4' },
67 silly install resolved     gitHead: '5b03fedea11144cebd15a374c14c48252a318723',
67 silly install resolved     bugs: { url: 'https://github.com/driftyco/ionic-cli/issues' },
67 silly install resolved     bundleDependencies:
67 silly install resolved      [ 'async',
67 silly install resolved        'cheerio',
67 silly install resolved        'cli-table',
67 silly install resolved        'colors',
67 silly install resolved        'connect',
67 silly install resolved        'connect-livereload',
67 silly install resolved        'crc',
67 silly install resolved        'cross-spawn',
67 silly install resolved        'event-stream',
67 silly install resolved        'expand-tilde',
67 silly install resolved        'finalhandler',
67 silly install resolved        'form-data',
67 silly install resolved        'gulp',
67 silly install resolved        'ionic-app-lib',
67 silly install resolved        'moment',
67 silly install resolved        'ncp',
67 silly install resolved        'npm',
67 silly install resolved        'open',
67 silly install resolved        'optimist',
67 silly install resolved        'progress',
67 silly install resolved        'prompt',
67 silly install resolved        'proxy-middleware',
67 silly install resolved        'q',
67 silly install resolved        'request',
67 silly install resolved        'semver',
67 silly install resolved        'serve-static',
67 silly install resolved        'shelljs',
67 silly install resolved        'tiny-lr-fork',
67 silly install resolved        'underscore',
67 silly install resolved        'unzip',
67 silly install resolved        'vinyl-fs',
67 silly install resolved        'xml2js' ],
67 silly install resolved     _id: 'ionic@1.7.14',
67 silly install resolved     _shasum: 'af493d5df4688d917d778b0934d1739b9be6efe6',
67 silly install resolved     _from: 'ionic@latest',
67 silly install resolved     _npmVersion: '3.3.12',
67 silly install resolved     _nodeVersion: '5.1.0',
67 silly install resolved     _npmUser: { name: 'dwieeb', email: 'dwieeb@gmail.com' },
67 silly install resolved     dist:
67 silly install resolved      { shasum: 'af493d5df4688d917d778b0934d1739b9be6efe6',
67 silly install resolved        tarball: 'https://registry.npmjs.org/ionic/-/ionic-1.7.14.tgz' },
67 silly install resolved     maintainers: [ [Object], [Object], [Object], [Object], [Object] ],
67 silly install resolved     _npmOperationalInternal:
67 silly install resolved      { host: 'packages-9-west.internal.npmjs.com',
67 silly install resolved        tmp: 'tmp/ionic-1.7.14.tgz_1454368560204_0.25241430499590933' },
67 silly install resolved     directories: {},
67 silly install resolved     _resolved: 'https://registry.npmjs.org/ionic/-/ionic-1.7.14.tgz',
67 silly install resolved     readme: 'ERROR: No README data found!' },
67 silly install resolved   { name: 'cordova',
67 silly install resolved     version: '6.1.1',
67 silly install resolved     preferGlobal: 'true',
67 silly install resolved     description: 'Cordova command line interface tool',
67 silly install resolved     main: 'cordova',
67 silly install resolved     engines: { node: '>=0.9.9' },
67 silly install resolved     engineStrict: true,
67 silly install resolved     bin: { cordova: './bin/cordova' },
67 silly install resolved     scripts:
67 silly install resolved      { test: 'node node_modules/jasmine-node/bin/jasmine-node --captureExceptions --color spec',
67 silly install resolved        cover: 'node node_modules/istanbul/lib/cli.js cover --root src --print detail node_modules/jasmine-node/bin/jasmine-node -- spec' },
67 silly install resolved     repository:
67 silly install resolved      { type: 'git',
67 silly install resolved        url: 'https://git-wip-us.apache.org/repos/asf/cordova-cli.git' },
67 silly install resolved     bugs:
67 silly install resolved      { url: 'https://issues.apache.org/jira/browse/CB',
67 silly install resolved        email: 'dev@cordova.apache.org' },
67 silly install resolved     keywords: [ 'cordova', 'client', 'cli' ],
67 silly install resolved     dependencies:
67 silly install resolved      { ansi: '^0.3.0',
67 silly install resolved        'cordova-lib': '6.1.1',
67 silly install resolved        'cordova-common': '^1.1.0',
67 silly install resolved        q: '1.0.1',
67 silly install resolved        nopt: '3.0.1',
67 silly install resolved        underscore: '1.7.0',
67 silly install resolved        'update-notifier': '^0.5.0' },
67 silly install resolved     devDependencies:
67 silly install resolved      { istanbul: '^0.3.4',
67 silly install resolved        grunt: '0.4.5',
67 silly install resolved        'grunt-retire': '0.3.7',
67 silly install resolved        'jasmine-node': '1.14.5' },
67 silly install resolved     author: { name: 'Anis Kadri' },
67 silly install resolved     contributors:
67 silly install resolved      [ [Object],
67 silly install resolved        [Object],
67 silly install resolved        [Object],
67 silly install resolved        [Object],
67 silly install resolved        [Object],
67 silly install resolved        [Object],
67 silly install resolved        [Object],
67 silly install resolved        [Object],
67 silly install resolved        [Object],
67 silly install resolved        [Object],
67 silly install resolved        [Object],
67 silly install resolved        [Object],
67 silly install resolved        [Object],
67 silly install resolved        [Object],
67 silly install resolved        [Object],
67 silly install resolved        [Object],
67 silly install resolved        [Object],
67 silly install resolved        [Object],
67 silly install resolved        [Object],
67 silly install resolved        [Object],
67 silly install resolved        [Object],
67 silly install resolved        [Object],
67 silly install resolved        [Object],
67 silly install resolved        [Object] ],
67 silly install resolved     license: 'Apache-2.0',
67 silly install resolved     _id: 'cordova@6.1.1',
67 silly install resolved     _shasum: '156488fe453182941e6034516d4e0f2f85dd47bc',
67 silly install resolved     _resolved: 'https://registry.npmjs.org/cordova/-/cordova-6.1.1.tgz',
67 silly install resolved     _from: 'cordova@latest',
67 silly install resolved     _npmVersion: '3.8.3',
67 silly install resolved     _nodeVersion: '5.9.1',
67 silly install resolved     _npmUser:
67 silly install resolved      { name: 'kotikov.vladimir',
67 silly install resolved        email: 'kotikov.vladimir@gmail.com' },
67 silly install resolved     dist:
67 silly install resolved      { shasum: '156488fe453182941e6034516d4e0f2f85dd47bc',
67 silly install resolved        tarball: 'https://registry.npmjs.org/cordova/-/cordova-6.1.1.tgz' },
67 silly install resolved     maintainers:
67 silly install resolved      [ [Object],
67 silly install resolved        [Object],
67 silly install resolved        [Object],
67 silly install resolved        [Object],
67 silly install resolved        [Object],
67 silly install resolved        [Object],
67 silly install resolved        [Object],
67 silly install resolved        [Object],
67 silly install resolved        [Object],
67 silly install resolved        [Object],
67 silly install resolved        [Object],
67 silly install resolved        [Object],
67 silly install resolved        [Object],
67 silly install resolved        [Object],
67 silly install resolved        [Object],
67 silly install resolved        [Object],
67 silly install resolved        [Object],
67 silly install resolved        [Object] ],
67 silly install resolved     _npmOperationalInternal:
67 silly install resolved      { host: 'packages-12-west.internal.npmjs.com',
67 silly install resolved        tmp: 'tmp/cordova-6.1.1.tgz_1459545459074_0.8951308054383844' },
67 silly install resolved     directories: {},
67 silly install resolved     readme: 'ERROR: No README data found!' } ]
68 info install ionic@1.7.14 into /usr/local/lib
69 info install cordova@6.1.1 into /usr/local/lib
70 info installOne ionic@1.7.14
71 verbose installOne of ionic to /usr/local/lib not in flight; installing
72 verbose correctMkdir /Users/Florian/.npm/_locks correctMkdir not in flight; initializing
73 info installOne cordova@6.1.1
74 verbose installOne of cordova to /usr/local/lib not in flight; installing
75 verbose correctMkdir /Users/Florian/.npm/_locks correctMkdir already in flight; waiting
76 verbose lock using /Users/Florian/.npm/_locks/ionic-61c0cd50dc7a1457.lock for /usr/local/lib/node_modules/ionic
77 verbose lock using /Users/Florian/.npm/_locks/cordova-fa12e2e096426a32.lock for /usr/local/lib/node_modules/cordova
78 silly install write writing ionic 1.7.14 to /usr/local/lib/node_modules/ionic
79 silly install write writing cordova 6.1.1 to /usr/local/lib/node_modules/cordova
80 verbose unbuild lib/node_modules/ionic
81 verbose unbuild lib/node_modules/cordova
82 info preuninstall ionic@1.7.14
83 info uninstall ionic@1.7.14
84 verbose unbuild rmStuff ionic@1.7.14 from /usr/local/lib/node_modules
85 silly gentlyRm /usr/local/bin/ionic is being gently removed
86 silly gentlyRm verifying /usr/local is an npm working directory
87 silly gentlyRm containing path /usr/local is under npm's control, in /usr/local
88 silly gentlyRm deletion target /usr/local/bin/ionic is under /usr/local
89 verbose gentlyRm vacuuming from /usr/local/bin/ionic up to /usr/local
90 silly vacuum-fs removing /usr/local/bin/ionic
91 verbose unlock done using /Users/Florian/.npm/_locks/ionic-61c0cd50dc7a1457.lock for /usr/local/lib/node_modules/ionic
92 info preuninstall cordova@6.1.1
93 info uninstall cordova@6.1.1
94 verbose unbuild rmStuff cordova@6.1.1 from /usr/local/lib/node_modules
95 silly gentlyRm /usr/local/bin/cordova is being gently removed
96 silly gentlyRm verifying /usr/local is an npm working directory
97 silly gentlyRm containing path /usr/local is under npm's control, in /usr/local
98 silly gentlyRm deletion target /usr/local/bin/cordova is under /usr/local
99 verbose gentlyRm vacuuming from /usr/local/bin/cordova up to /usr/local
100 silly vacuum-fs removing /usr/local/bin/cordova
101 verbose unlock done using /Users/Florian/.npm/_locks/cordova-fa12e2e096426a32.lock for /usr/local/lib/node_modules/cordova
102 verbose stack Error: EACCES: permission denied, unlink '/usr/local/bin/ionic'
102 verbose stack     at Error (native)
103 verbose cwd /Users/Florian/Documents/Prgrammieren/1504hackathon/FlowSpot
104 error Darwin 13.4.0
105 error argv "/usr/local/bin/node" "/usr/local/bin/npm" "install" "-g" "cordova" "ionic"
106 error node v4.4.3
107 error npm  v2.15.1
108 error path /usr/local/bin/ionic
109 error code EACCES
110 error errno -13
111 error syscall unlink
112 error Error: EACCES: permission denied, unlink '/usr/local/bin/ionic'
112 error     at Error (native)
112 error  { [Error: EACCES: permission denied, unlink '/usr/local/bin/ionic']
112 error   errno: -13,
112 error   code: 'EACCES',
112 error   syscall: 'unlink',
112 error   path: '/usr/local/bin/ionic' }
113 error Please try running this command again as root/Administrator.
114 verbose exit [ -13, true ]
115 verbose unbuild lib/node_modules/ionic
116 info preuninstall ionic@1.7.14
117 info uninstall ionic@1.7.14
118 verbose unbuild rmStuff ionic@1.7.14 from /usr/local/lib/node_modules
119 silly gentlyRm /usr/local/bin/ionic is being gently removed
120 silly gentlyRm verifying /usr/local is an npm working directory
121 silly gentlyRm containing path /usr/local is under npm's control, in /usr/local
122 silly gentlyRm deletion target /usr/local/bin/ionic is under /usr/local
123 verbose gentlyRm vacuuming from /usr/local/bin/ionic up to /usr/local
124 silly vacuum-fs removing /usr/local/bin/ionic
125 error error rolling back Error: EACCES: permission denied, unlink '/usr/local/bin/ionic'
125 error error rolling back     at Error (native)
125 error error rolling back  { [Error: EACCES: permission denied, unlink '/usr/local/bin/ionic']
125 error error rolling back   errno: -13,
125 error error rolling back   code: 'EACCES',
125 error error rolling back   syscall: 'unlink',
125 error error rolling back   path: '/usr/local/bin/ionic' }
